2021-03-03 10:04:05,398 INFO (AsyncTasks.java:29)-  : The time is now 10:04:05
2021-03-03 10:04:07,396 INFO (AsyncTasks.java:29)-  : The time is now 10:04:07
2021-03-03 10:04:09,398 INFO (AsyncTasks.java:29)-  : The time is now 10:04:09
2021-03-03 10:11:47,643 [INFO] [restartedMain] com.example.helloworld.HelloWorldApplication [StartupInfoLogger.java : 55] Starting HelloWorldApplication on MZKJ-PC-02196 with PID 22252 (E:\code\github\springboot-guide\code\hello-world\target\classes started by haiyang1 in E:\code\github\springboot-guide\code)
2021-03-03 10:11:47,646 [DEBUG] [restartedMain] com.example.helloworld.HelloWorldApplication [StartupInfoLogger.java : 56] Running with Spring Boot v2.2.0.RELEASE, Spring v5.2.0.RELEASE
2021-03-03 10:11:47,647 [INFO] [restartedMain] com.example.helloworld.HelloWorldApplication [SpringApplication.java : 651] No active profile set, falling back to default profiles: default
2021-03-03 10:11:49,253 [INFO] [restartedMain] com.example.helloworld.filter.impl1.MyFilter2 [MyFilter2.java : 22] MyFilter2 init...
2021-03-03 10:11:49,253 [INFO] [restartedMain] com.example.helloworld.filter.impl1.MyFilter1 [MyFilter1.java : 22] MyFilter1 init...
2021-03-03 10:11:49,253 [INFO] [restartedMain] com.example.helloworld.filter.impl2.MyFilterWithAnnotation [MyFilterWithAnnotation.java : 28] MyFilterWithAnnotation init...
2021-03-03 10:11:51,402 [INFO] [restartedMain] com.example.helloworld.HelloWorldApplication [StartupInfoLogger.java : 61] Started HelloWorldApplication in 4.331 seconds (JVM running for 4.962)
2021-03-03 10:11:54,387 [INFO] [My ThreadPoolTaskExecutor-1] com.example.helloworld.sch.AsyncTasks [AsyncTasks.java : 29]  : The time is now 10:11:54
2021-03-03 10:11:56,386 [INFO] [My ThreadPoolTaskExecutor-2] com.example.helloworld.sch.AsyncTasks [AsyncTasks.java : 29]  : The time is now 10:11:56
2021-03-03 10:11:58,386 [INFO] [My ThreadPoolTaskExecutor-3] com.example.helloworld.sch.AsyncTasks [AsyncTasks.java : 29]  : The time is now 10:11:58
2021-03-03 10:15:48,641 [INFO] [restartedMain] com.example.helloworld.HelloWorldApplication [StartupInfoLogger.java : 55] Starting HelloWorldApplication on MZKJ-PC-02196 with PID 15068 (E:\code\github\springboot-guide\code\hello-world\target\classes started by haiyang1 in E:\code\github\springboot-guide\code)
2021-03-03 10:15:48,644 [DEBUG] [restartedMain] com.example.helloworld.HelloWorldApplication [StartupInfoLogger.java : 56] Running with Spring Boot v2.2.0.RELEASE, Spring v5.2.0.RELEASE
2021-03-03 10:15:48,645 [INFO] [restartedMain] com.example.helloworld.HelloWorldApplication [SpringApplication.java : 651] No active profile set, falling back to default profiles: default
2021-03-03 10:15:50,308 [INFO] [restartedMain] com.example.helloworld.filter.impl1.MyFilter2 [MyFilter2.java : 22] MyFilter2 init...
2021-03-03 10:15:50,308 [INFO] [restartedMain] com.example.helloworld.filter.impl1.MyFilter1 [MyFilter1.java : 22] MyFilter1 init...
2021-03-03 10:15:50,308 [INFO] [restartedMain] com.example.helloworld.filter.impl2.MyFilterWithAnnotation [MyFilterWithAnnotation.java : 28] MyFilterWithAnnotation init...
2021-03-03 10:15:52,439 [INFO] [restartedMain] com.example.helloworld.HelloWorldApplication [StartupInfoLogger.java : 61] Started HelloWorldApplication in 4.309 seconds (JVM running for 4.895)
2021-03-03 10:15:55,423 [INFO] [My ThreadPoolTaskExecutor-1] com.example.helloworld.sch.AsyncTasks [AsyncTasks.java : 29]  : The time is now 10:15:55
2021-03-03 10:15:57,421 [INFO] [My ThreadPoolTaskExecutor-2] com.example.helloworld.sch.AsyncTasks [AsyncTasks.java : 29]  : The time is now 10:15:57
2021-03-03 10:15:59,422 [INFO] [My ThreadPoolTaskExecutor-3] com.example.helloworld.sch.AsyncTasks [AsyncTasks.java : 29]  : The time is now 10:15:59
2021-03-03 10:16:01,425 [INFO] [My ThreadPoolTaskExecutor-4] com.example.helloworld.sch.AsyncTasks [AsyncTasks.java : 29]  : The time is now 10:16:01
2021-03-03 10:17:26,713 [INFO] [restartedMain] com.example.helloworld.HelloWorldApplication [StartupInfoLogger.java : 55] Starting HelloWorldApplication on MZKJ-PC-02196 with PID 8776 (E:\code\github\springboot-guide\code\hello-world\target\classes started by haiyang1 in E:\code\github\springboot-guide\code)
2021-03-03 10:17:26,715 [DEBUG] [restartedMain] com.example.helloworld.HelloWorldApplication [StartupInfoLogger.java : 56] Running with Spring Boot v2.2.0.RELEASE, Spring v5.2.0.RELEASE
2021-03-03 10:17:26,716 [INFO] [restartedMain] com.example.helloworld.HelloWorldApplication [SpringApplication.java : 651] No active profile set, falling back to default profiles: default
2021-03-03 10:17:28,244 [INFO] [restartedMain] com.example.helloworld.filter.impl1.MyFilter2 [MyFilter2.java : 22] MyFilter2 init...
2021-03-03 10:17:28,244 [INFO] [restartedMain] com.example.helloworld.filter.impl1.MyFilter1 [MyFilter1.java : 22] MyFilter1 init...
2021-03-03 10:17:28,245 [INFO] [restartedMain] com.example.helloworld.filter.impl2.MyFilterWithAnnotation [MyFilterWithAnnotation.java : 28] MyFilterWithAnnotation init...
2021-03-03 10:17:30,345 [INFO] [restartedMain] com.example.helloworld.HelloWorldApplication [StartupInfoLogger.java : 61] Started HelloWorldApplication in 4.146 seconds (JVM running for 4.745)
2021-03-03 10:17:33,332 [INFO] [My ThreadPoolTaskExecutor-1] com.example.helloworld.sch.AsyncTasks [AsyncTasks.java : 29]  : The time is now 10:17:33
2021-03-03 10:17:35,331 [INFO] [My ThreadPoolTaskExecutor-2] com.example.helloworld.sch.AsyncTasks [AsyncTasks.java : 29]  : The time is now 10:17:35
2021-03-03 10:17:37,332 [INFO] [My ThreadPoolTaskExecutor-3] com.example.helloworld.sch.AsyncTasks [AsyncTasks.java : 29]  : The time is now 10:17:37
2021-03-03 10:17:39,333 [INFO] [My ThreadPoolTaskExecutor-4] com.example.helloworld.sch.AsyncTasks [AsyncTasks.java : 29]  : The time is now 10:17:39
2021-03-03 10:17:41,334 [INFO] [My ThreadPoolTaskExecutor-5] com.example.helloworld.sch.AsyncTasks [AsyncTasks.java : 29]  : The time is now 10:17:41
2021-03-03 10:22:50,118 [INFO] [restartedMain] com.example.helloworld.HelloWorldApplication [StartupInfoLogger.java : 55] Starting HelloWorldApplication on MZKJ-PC-02196 with PID 15228 (E:\code\github\springboot-guide\code\hello-world\target\classes started by haiyang1 in E:\code\github\springboot-guide\code)
2021-03-03 10:22:50,120 [DEBUG] [restartedMain] com.example.helloworld.HelloWorldApplication [StartupInfoLogger.java : 56] Running with Spring Boot v2.2.0.RELEASE, Spring v5.2.0.RELEASE
2021-03-03 10:22:50,120 [INFO] [restartedMain] com.example.helloworld.HelloWorldApplication [SpringApplication.java : 651] No active profile set, falling back to default profiles: default
2021-03-03 10:22:51,746 [INFO] [restartedMain] com.example.helloworld.filter.impl1.MyFilter2 [MyFilter2.java : 22] MyFilter2 init...
2021-03-03 10:22:51,746 [INFO] [restartedMain] com.example.helloworld.filter.impl1.MyFilter1 [MyFilter1.java : 22] MyFilter1 init...
2021-03-03 10:22:51,746 [INFO] [restartedMain] com.example.helloworld.filter.impl2.MyFilterWithAnnotation [MyFilterWithAnnotation.java : 28] MyFilterWithAnnotation init...
2021-03-03 10:22:53,928 [INFO] [restartedMain] com.example.helloworld.HelloWorldApplication [StartupInfoLogger.java : 61] Started HelloWorldApplication in 4.302 seconds (JVM running for 4.891)
2021-03-03 10:22:56,913 [INFO] [My Async-ThreadPoolTaskExecutor-1] com.example.helloworld.sch.AsyncTasks [AsyncTasks.java : 29]  : The time is now 10:22:56
2021-03-03 10:22:58,911 [INFO] [My Async-ThreadPoolTaskExecutor-2] com.example.helloworld.sch.AsyncTasks [AsyncTasks.java : 29]  : The time is now 10:22:58
2021-03-03 10:23:00,912 [INFO] [My Async-ThreadPoolTaskExecutor-3] com.example.helloworld.sch.AsyncTasks [AsyncTasks.java : 29]  : The time is now 10:23:00
2021-03-03 10:23:02,914 [INFO] [My Async-ThreadPoolTaskExecutor-4] com.example.helloworld.sch.AsyncTasks [AsyncTasks.java : 29]  : The time is now 10:23:02
2021-03-03 10:23:04,916 [INFO] [My Async-ThreadPoolTaskExecutor-5] com.example.helloworld.sch.AsyncTasks [AsyncTasks.java : 29]  : The time is now 10:23:04
2021-03-03 10:23:06,917 [INFO] [My Async-ThreadPoolTaskExecutor-6] com.example.helloworld.sch.AsyncTasks [AsyncTasks.java : 29]  : The time is now 10:23:06
2021-03-03 10:23:08,918 [INFO] [My Async-ThreadPoolTaskExecutor-1] com.example.helloworld.sch.AsyncTasks [AsyncTasks.java : 29]  : The time is now 10:23:08
2021-03-03 10:23:10,920 [INFO] [My Async-ThreadPoolTaskExecutor-2] com.example.helloworld.sch.AsyncTasks [AsyncTasks.java : 29]  : The time is now 10:23:10
2021-03-03 10:23:12,920 [INFO] [My Async-ThreadPoolTaskExecutor-3] com.example.helloworld.sch.AsyncTasks [AsyncTasks.java : 29]  : The time is now 10:23:12
2021-03-03 10:29:27,708 [INFO] [restartedMain] com.example.helloworld.HelloWorldApplication [StartupInfoLogger.java : 55] Starting HelloWorldApplication on MZKJ-PC-02196 with PID 27928 (E:\code\github\springboot-guide\code\hello-world\target\classes started by haiyang1 in E:\code\github\springboot-guide\code)
2021-03-03 10:29:27,711 [DEBUG] [restartedMain] com.example.helloworld.HelloWorldApplication [StartupInfoLogger.java : 56] Running with Spring Boot v2.2.0.RELEASE, Spring v5.2.0.RELEASE
2021-03-03 10:29:27,711 [INFO] [restartedMain] com.example.helloworld.HelloWorldApplication [SpringApplication.java : 651] No active profile set, falling back to default profiles: default
2021-03-03 10:29:29,211 [INFO] [restartedMain] com.example.helloworld.filter.impl1.MyFilter2 [MyFilter2.java : 22] MyFilter2 init...
2021-03-03 10:29:29,212 [INFO] [restartedMain] com.example.helloworld.filter.impl1.MyFilter1 [MyFilter1.java : 22] MyFilter1 init...
2021-03-03 10:29:29,212 [INFO] [restartedMain] com.example.helloworld.filter.impl2.MyFilterWithAnnotation [MyFilterWithAnnotation.java : 28] MyFilterWithAnnotation init...
2021-03-03 10:29:31,369 [INFO] [restartedMain] com.example.helloworld.HelloWorldApplication [StartupInfoLogger.java : 61] Started HelloWorldApplication in 4.181 seconds (JVM running for 4.781)
2021-03-03 10:29:34,354 [INFO] [oKong-1] com.example.helloworld.sch.AsyncTasks [AsyncTasks.java : 29]  : The time is now 10:29:34
2021-03-03 10:29:36,352 [INFO] [oKong-2] com.example.helloworld.sch.AsyncTasks [AsyncTasks.java : 29]  : The time is now 10:29:36
2021-03-03 10:29:38,353 [INFO] [oKong-3] com.example.helloworld.sch.AsyncTasks [AsyncTasks.java : 29]  : The time is now 10:29:38
2021-03-03 10:29:40,354 [INFO] [oKong-4] com.example.helloworld.sch.AsyncTasks [AsyncTasks.java : 29]  : The time is now 10:29:40
2021-03-03 10:29:42,356 [INFO] [oKong-5] com.example.helloworld.sch.AsyncTasks [AsyncTasks.java : 29]  : The time is now 10:29:42
2021-03-03 10:29:44,357 [INFO] [oKong-6] com.example.helloworld.sch.AsyncTasks [AsyncTasks.java : 29]  : The time is now 10:29:44
2021-03-03 10:30:36,262 [INFO] [restartedMain] com.example.helloworld.HelloWorldApplication [StartupInfoLogger.java : 55] Starting HelloWorldApplication on MZKJ-PC-02196 with PID 23996 (E:\code\github\springboot-guide\code\hello-world\target\classes started by haiyang1 in E:\code\github\springboot-guide\code)
2021-03-03 10:30:36,264 [DEBUG] [restartedMain] com.example.helloworld.HelloWorldApplication [StartupInfoLogger.java : 56] Running with Spring Boot v2.2.0.RELEASE, Spring v5.2.0.RELEASE
2021-03-03 10:30:36,264 [INFO] [restartedMain] com.example.helloworld.HelloWorldApplication [SpringApplication.java : 651] No active profile set, falling back to default profiles: default
2021-03-03 10:30:37,854 [INFO] [restartedMain] com.example.helloworld.filter.impl1.MyFilter2 [MyFilter2.java : 22] MyFilter2 init...
2021-03-03 10:30:37,854 [INFO] [restartedMain] com.example.helloworld.filter.impl1.MyFilter1 [MyFilter1.java : 22] MyFilter1 init...
2021-03-03 10:30:37,855 [INFO] [restartedMain] com.example.helloworld.filter.impl2.MyFilterWithAnnotation [MyFilterWithAnnotation.java : 28] MyFilterWithAnnotation init...
2021-03-03 10:30:39,999 [INFO] [restartedMain] com.example.helloworld.HelloWorldApplication [StartupInfoLogger.java : 61] Started HelloWorldApplication in 4.177 seconds (JVM running for 4.756)
2021-03-03 10:30:42,986 [INFO] [My Async-ThreadPoolTaskExecutor-1] com.example.helloworld.sch.AsyncTasks [AsyncTasks.java : 29]  : The time is now 10:30:42
2021-03-03 10:30:44,985 [INFO] [My Async-ThreadPoolTaskExecutor-2] com.example.helloworld.sch.AsyncTasks [AsyncTasks.java : 29]  : The time is now 10:30:44
2021-03-03 10:30:46,985 [INFO] [My Async-ThreadPoolTaskExecutor-3] com.example.helloworld.sch.AsyncTasks [AsyncTasks.java : 29]  : The time is now 10:30:46
2021-03-03 10:32:48,019 [INFO] [restartedMain] com.example.helloworld.HelloWorldApplication [StartupInfoLogger.java : 55] Starting HelloWorldApplication on MZKJ-PC-02196 with PID 1632 (E:\code\github\springboot-guide\code\hello-world\target\classes started by haiyang1 in E:\code\github\springboot-guide\code)
2021-03-03 10:32:48,021 [DEBUG] [restartedMain] com.example.helloworld.HelloWorldApplication [StartupInfoLogger.java : 56] Running with Spring Boot v2.2.0.RELEASE, Spring v5.2.0.RELEASE
2021-03-03 10:32:48,021 [INFO] [restartedMain] com.example.helloworld.HelloWorldApplication [SpringApplication.java : 651] No active profile set, falling back to default profiles: default
2021-03-03 10:32:49,535 [INFO] [restartedMain] com.example.helloworld.filter.impl1.MyFilter2 [MyFilter2.java : 22] MyFilter2 init...
2021-03-03 10:32:49,536 [INFO] [restartedMain] com.example.helloworld.filter.impl1.MyFilter1 [MyFilter1.java : 22] MyFilter1 init...
2021-03-03 10:32:49,536 [INFO] [restartedMain] com.example.helloworld.filter.impl2.MyFilterWithAnnotation [MyFilterWithAnnotation.java : 28] MyFilterWithAnnotation init...
2021-03-03 10:32:51,654 [INFO] [restartedMain] com.example.helloworld.HelloWorldApplication [StartupInfoLogger.java : 61] Started HelloWorldApplication in 4.229 seconds (JVM running for 4.797)
2021-03-03 10:33:10,906 [INFO] [restartedMain] com.example.helloworld.HelloWorldApplication [StartupInfoLogger.java : 55] Starting HelloWorldApplication on MZKJ-PC-02196 with PID 28552 (E:\code\github\springboot-guide\code\hello-world\target\classes started by haiyang1 in E:\code\github\springboot-guide\code)
2021-03-03 10:33:10,909 [DEBUG] [restartedMain] com.example.helloworld.HelloWorldApplication [StartupInfoLogger.java : 56] Running with Spring Boot v2.2.0.RELEASE, Spring v5.2.0.RELEASE
2021-03-03 10:33:10,909 [INFO] [restartedMain] com.example.helloworld.HelloWorldApplication [SpringApplication.java : 651] No active profile set, falling back to default profiles: default
2021-03-03 10:33:12,528 [INFO] [restartedMain] com.example.helloworld.filter.impl1.MyFilter2 [MyFilter2.java : 22] MyFilter2 init...
2021-03-03 10:33:12,529 [INFO] [restartedMain] com.example.helloworld.filter.impl1.MyFilter1 [MyFilter1.java : 22] MyFilter1 init...
2021-03-03 10:33:12,529 [INFO] [restartedMain] com.example.helloworld.filter.impl2.MyFilterWithAnnotation [MyFilterWithAnnotation.java : 28] MyFilterWithAnnotation init...
2021-03-03 10:33:14,691 [INFO] [restartedMain] com.example.helloworld.HelloWorldApplication [StartupInfoLogger.java : 61] Started HelloWorldApplication in 4.258 seconds (JVM running for 4.856)
2021-03-03 10:33:17,676 [INFO] [task-1] com.example.helloworld.sch.AsyncTasks [AsyncTasks.java : 30]  : The time is now 10:33:17
2021-03-03 10:33:19,674 [INFO] [task-2] com.example.helloworld.sch.AsyncTasks [AsyncTasks.java : 30]  : The time is now 10:33:19
2021-03-03 10:33:21,677 [INFO] [task-3] com.example.helloworld.sch.AsyncTasks [AsyncTasks.java : 30]  : The time is now 10:33:21
2021-03-03 10:33:23,678 [INFO] [task-4] com.example.helloworld.sch.AsyncTasks [AsyncTasks.java : 30]  : The time is now 10:33:23
2021-03-03 10:33:25,678 [INFO] [task-5] com.example.helloworld.sch.AsyncTasks [AsyncTasks.java : 30]  : The time is now 10:33:25
2021-03-03 10:33:27,680 [INFO] [task-6] com.example.helloworld.sch.AsyncTasks [AsyncTasks.java : 30]  : The time is now 10:33:27
2021-03-03 10:33:29,681 [INFO] [task-7] com.example.helloworld.sch.AsyncTasks [AsyncTasks.java : 30]  : The time is now 10:33:29
2021-03-03 10:33:31,683 [INFO] [task-8] com.example.helloworld.sch.AsyncTasks [AsyncTasks.java : 30]  : The time is now 10:33:31
2021-03-03 10:33:33,683 [INFO] [task-1] com.example.helloworld.sch.AsyncTasks [AsyncTasks.java : 30]  : The time is now 10:33:33
2021-03-03 10:33:35,684 [INFO] [task-2] com.example.helloworld.sch.AsyncTasks [AsyncTasks.java : 30]  : The time is now 10:33:35
2021-03-03 10:33:37,684 [INFO] [task-3] com.example.helloworld.sch.AsyncTasks [AsyncTasks.java : 30]  : The time is now 10:33:37
2021-03-03 10:33:39,685 [INFO] [task-4] com.example.helloworld.sch.AsyncTasks [AsyncTasks.java : 30]  : The time is now 10:33:39
2021-03-03 10:36:34,072 [INFO] [restartedMain] com.example.helloworld.HelloWorldApplication [StartupInfoLogger.java : 55] Starting HelloWorldApplication on MZKJ-PC-02196 with PID 16572 (E:\code\github\springboot-guide\code\hello-world\target\classes started by haiyang1 in E:\code\github\springboot-guide\code)
2021-03-03 10:36:34,075 [DEBUG] [restartedMain] com.example.helloworld.HelloWorldApplication [StartupInfoLogger.java : 56] Running with Spring Boot v2.2.0.RELEASE, Spring v5.2.0.RELEASE
2021-03-03 10:36:34,075 [INFO] [restartedMain] com.example.helloworld.HelloWorldApplication [SpringApplication.java : 651] No active profile set, falling back to default profiles: default
2021-03-03 10:36:35,548 [INFO] [restartedMain] com.example.helloworld.filter.impl1.MyFilter2 [MyFilter2.java : 22] MyFilter2 init...
2021-03-03 10:36:35,549 [INFO] [restartedMain] com.example.helloworld.filter.impl1.MyFilter1 [MyFilter1.java : 22] MyFilter1 init...
2021-03-03 10:36:35,549 [INFO] [restartedMain] com.example.helloworld.filter.impl2.MyFilterWithAnnotation [MyFilterWithAnnotation.java : 28] MyFilterWithAnnotation init...
2021-03-03 10:36:37,668 [INFO] [restartedMain] com.example.helloworld.HelloWorldApplication [StartupInfoLogger.java : 61] Started HelloWorldApplication in 4.212 seconds (JVM running for 4.795)
2021-03-03 10:36:40,649 [INFO] [my-scheduled-task-pool-1] com.example.helloworld.sch.AsyncTasks [AsyncTasks.java : 30]  : The time is now 10:36:40
2021-03-03 10:36:45,652 [INFO] [my-scheduled-task-pool-1] com.example.helloworld.sch.AsyncTasks [AsyncTasks.java : 30]  : The time is now 10:36:45
2021-03-03 10:36:50,654 [INFO] [my-scheduled-task-pool-2] com.example.helloworld.sch.AsyncTasks [AsyncTasks.java : 30]  : The time is now 10:36:50
2021-03-03 10:39:58,215 [INFO] [restartedMain] com.example.helloworld.HelloWorldApplication [StartupInfoLogger.java : 55] Starting HelloWorldApplication on MZKJ-PC-02196 with PID 8712 (E:\code\github\springboot-guide\code\hello-world\target\classes started by haiyang1 in E:\code\github\springboot-guide\code)
2021-03-03 10:39:58,218 [DEBUG] [restartedMain] com.example.helloworld.HelloWorldApplication [StartupInfoLogger.java : 56] Running with Spring Boot v2.2.0.RELEASE, Spring v5.2.0.RELEASE
2021-03-03 10:39:58,219 [INFO] [restartedMain] com.example.helloworld.HelloWorldApplication [SpringApplication.java : 651] No active profile set, falling back to default profiles: default
2021-03-03 10:39:59,784 [INFO] [restartedMain] com.example.helloworld.filter.impl1.MyFilter2 [MyFilter2.java : 22] MyFilter2 init...
2021-03-03 10:39:59,784 [INFO] [restartedMain] com.example.helloworld.filter.impl1.MyFilter1 [MyFilter1.java : 22] MyFilter1 init...
2021-03-03 10:39:59,784 [INFO] [restartedMain] com.example.helloworld.filter.impl2.MyFilterWithAnnotation [MyFilterWithAnnotation.java : 28] MyFilterWithAnnotation init...
2021-03-03 10:40:01,984 [INFO] [restartedMain] com.example.helloworld.HelloWorldApplication [StartupInfoLogger.java : 61] Started HelloWorldApplication in 4.248 seconds (JVM running for 4.812)
2021-03-03 10:40:04,968 [INFO] [task-1] com.example.helloworld.sch.AsyncTasks [AsyncTasks.java : 30]  : The time is now 10:40:04
2021-03-03 10:40:06,967 [INFO] [task-2] com.example.helloworld.sch.AsyncTasks [AsyncTasks.java : 30]  : The time is now 10:40:06
2021-03-03 10:40:08,968 [INFO] [task-3] com.example.helloworld.sch.AsyncTasks [AsyncTasks.java : 30]  : The time is now 10:40:08
2021-03-03 10:40:10,969 [INFO] [task-4] com.example.helloworld.sch.AsyncTasks [AsyncTasks.java : 30]  : The time is now 10:40:10
2021-03-03 10:49:15,378 [INFO] [restartedMain] com.example.helloworld.HelloWorldApplication [StartupInfoLogger.java : 55] Starting HelloWorldApplication on MZKJ-PC-02196 with PID 24708 (E:\code\github\springboot-guide\code\hello-world\target\classes started by haiyang1 in E:\code\github\springboot-guide\code)
2021-03-03 10:49:15,381 [DEBUG] [restartedMain] com.example.helloworld.HelloWorldApplication [StartupInfoLogger.java : 56] Running with Spring Boot v2.2.0.RELEASE, Spring v5.2.0.RELEASE
2021-03-03 10:49:15,382 [INFO] [restartedMain] com.example.helloworld.HelloWorldApplication [SpringApplication.java : 651] No active profile set, falling back to default profiles: default
2021-03-03 10:49:16,946 [INFO] [restartedMain] com.example.helloworld.filter.impl1.MyFilter2 [MyFilter2.java : 22] MyFilter2 init...
2021-03-03 10:49:16,947 [INFO] [restartedMain] com.example.helloworld.filter.impl1.MyFilter1 [MyFilter1.java : 22] MyFilter1 init...
2021-03-03 10:49:16,947 [INFO] [restartedMain] com.example.helloworld.filter.impl2.MyFilterWithAnnotation [MyFilterWithAnnotation.java : 28] MyFilterWithAnnotation init...
2021-03-03 10:49:19,264 [INFO] [restartedMain] com.example.helloworld.HelloWorldApplication [StartupInfoLogger.java : 61] Started HelloWorldApplication in 4.494 seconds (JVM running for 5.053)
2021-03-03 10:49:22,250 [INFO] [task-1] com.example.helloworld.sch.AsyncTasks [AsyncTasks.java : 30]  : The time is now 10:49:22
2021-03-03 10:49:24,263 [INFO] [task-2] com.example.helloworld.sch.AsyncTasks [AsyncTasks.java : 30]  : The time is now 10:49:24
2021-03-03 10:49:26,249 [INFO] [task-3] com.example.helloworld.sch.AsyncTasks [AsyncTasks.java : 30]  : The time is now 10:49:26
2021-03-03 10:49:28,249 [INFO] [task-4] com.example.helloworld.sch.AsyncTasks [AsyncTasks.java : 30]  : The time is now 10:49:28
2021-03-03 10:49:30,250 [INFO] [task-5] com.example.helloworld.sch.AsyncTasks [AsyncTasks.java : 30]  : The time is now 10:49:30
2021-03-03 10:49:39,237 [INFO] [restartedMain] com.example.helloworld.HelloWorldApplication [StartupInfoLogger.java : 55] Starting HelloWorldApplication on MZKJ-PC-02196 with PID 24304 (E:\code\github\springboot-guide\code\hello-world\target\classes started by haiyang1 in E:\code\github\springboot-guide\code)
2021-03-03 10:49:39,240 [DEBUG] [restartedMain] com.example.helloworld.HelloWorldApplication [StartupInfoLogger.java : 56] Running with Spring Boot v2.2.0.RELEASE, Spring v5.2.0.RELEASE
2021-03-03 10:49:39,241 [INFO] [restartedMain] com.example.helloworld.HelloWorldApplication [SpringApplication.java : 651] No active profile set, falling back to default profiles: default
2021-03-03 10:49:40,824 [INFO] [restartedMain] com.example.helloworld.filter.impl1.MyFilter2 [MyFilter2.java : 22] MyFilter2 init...
2021-03-03 10:49:40,824 [INFO] [restartedMain] com.example.helloworld.filter.impl1.MyFilter1 [MyFilter1.java : 22] MyFilter1 init...
2021-03-03 10:49:40,825 [INFO] [restartedMain] com.example.helloworld.filter.impl2.MyFilterWithAnnotation [MyFilterWithAnnotation.java : 28] MyFilterWithAnnotation init...
2021-03-03 10:49:42,985 [INFO] [restartedMain] com.example.helloworld.HelloWorldApplication [StartupInfoLogger.java : 61] Started HelloWorldApplication in 4.258 seconds (JVM running for 4.816)
2021-03-03 10:49:45,971 [INFO] [oKong-1] com.example.helloworld.sch.AsyncTasks [AsyncTasks.java : 30]  : The time is now 10:49:45
2021-03-03 10:49:47,970 [INFO] [oKong-2] com.example.helloworld.sch.AsyncTasks [AsyncTasks.java : 30]  : The time is now 10:49:47
2021-03-03 10:49:49,971 [INFO] [oKong-3] com.example.helloworld.sch.AsyncTasks [AsyncTasks.java : 30]  : The time is now 10:49:49
2021-03-03 10:49:51,972 [INFO] [oKong-4] com.example.helloworld.sch.AsyncTasks [AsyncTasks.java : 30]  : The time is now 10:49:51
2021-03-03 10:49:53,973 [INFO] [oKong-5] com.example.helloworld.sch.AsyncTasks [AsyncTasks.java : 30]  : The time is now 10:49:53
2021-03-03 10:49:55,974 [INFO] [oKong-1] com.example.helloworld.sch.AsyncTasks [AsyncTasks.java : 30]  : The time is now 10:49:55
2021-03-03 10:51:24,451 [INFO] [restartedMain] com.example.helloworld.HelloWorldApplication [StartupInfoLogger.java : 55] Starting HelloWorldApplication on MZKJ-PC-02196 with PID 11052 (E:\code\github\springboot-guide\code\hello-world\target\classes started by haiyang1 in E:\code\github\springboot-guide\code)
2021-03-03 10:51:24,454 [DEBUG] [restartedMain] com.example.helloworld.HelloWorldApplication [StartupInfoLogger.java : 56] Running with Spring Boot v2.2.0.RELEASE, Spring v5.2.0.RELEASE
2021-03-03 10:51:24,454 [INFO] [restartedMain] com.example.helloworld.HelloWorldApplication [SpringApplication.java : 651] No active profile set, falling back to default profiles: default
2021-03-03 10:51:26,057 [INFO] [restartedMain] com.example.helloworld.filter.impl1.MyFilter2 [MyFilter2.java : 22] MyFilter2 init...
2021-03-03 10:51:26,058 [INFO] [restartedMain] com.example.helloworld.filter.impl1.MyFilter1 [MyFilter1.java : 22] MyFilter1 init...
2021-03-03 10:51:26,058 [INFO] [restartedMain] com.example.helloworld.filter.impl2.MyFilterWithAnnotation [MyFilterWithAnnotation.java : 28] MyFilterWithAnnotation init...
2021-03-03 10:51:28,184 [INFO] [restartedMain] com.example.helloworld.HelloWorldApplication [StartupInfoLogger.java : 61] Started HelloWorldApplication in 4.206 seconds (JVM running for 4.782)
2021-03-03 10:51:31,170 [INFO] [My Async-ThreadPoolTaskExecutor-1] com.example.helloworld.sch.AsyncTasks [AsyncTasks.java : 30]  : The time is now 10:51:31
2021-03-03 10:51:33,169 [INFO] [My Async-ThreadPoolTaskExecutor-2] com.example.helloworld.sch.AsyncTasks [AsyncTasks.java : 30]  : The time is now 10:51:33
2021-03-03 10:51:35,170 [INFO] [My Async-ThreadPoolTaskExecutor-3] com.example.helloworld.sch.AsyncTasks [AsyncTasks.java : 30]  : The time is now 10:51:35
2021-03-03 10:51:37,171 [INFO] [My Async-ThreadPoolTaskExecutor-4] com.example.helloworld.sch.AsyncTasks [AsyncTasks.java : 30]  : The time is now 10:51:37
2021-03-03 10:51:46,226 [INFO] [restartedMain] com.example.helloworld.HelloWorldApplication [StartupInfoLogger.java : 55] Starting HelloWorldApplication on MZKJ-PC-02196 with PID 24968 (E:\code\github\springboot-guide\code\hello-world\target\classes started by haiyang1 in E:\code\github\springboot-guide\code)
2021-03-03 10:51:46,228 [DEBUG] [restartedMain] com.example.helloworld.HelloWorldApplication [StartupInfoLogger.java : 56] Running with Spring Boot v2.2.0.RELEASE, Spring v5.2.0.RELEASE
2021-03-03 10:51:46,229 [INFO] [restartedMain] com.example.helloworld.HelloWorldApplication [SpringApplication.java : 651] No active profile set, falling back to default profiles: default
2021-03-03 10:51:47,752 [INFO] [restartedMain] com.example.helloworld.filter.impl1.MyFilter2 [MyFilter2.java : 22] MyFilter2 init...
2021-03-03 10:51:47,752 [INFO] [restartedMain] com.example.helloworld.filter.impl1.MyFilter1 [MyFilter1.java : 22] MyFilter1 init...
2021-03-03 10:51:47,753 [INFO] [restartedMain] com.example.helloworld.filter.impl2.MyFilterWithAnnotation [MyFilterWithAnnotation.java : 28] MyFilterWithAnnotation init...
2021-03-03 10:51:49,840 [INFO] [restartedMain] com.example.helloworld.HelloWorldApplication [StartupInfoLogger.java : 61] Started HelloWorldApplication in 4.165 seconds (JVM running for 4.75)
2021-03-03 10:52:34,009 [INFO] [restartedMain] com.example.helloworld.HelloWorldApplication [StartupInfoLogger.java : 55] Starting HelloWorldApplication on MZKJ-PC-02196 with PID 26236 (E:\code\github\springboot-guide\code\hello-world\target\classes started by haiyang1 in E:\code\github\springboot-guide\code)
2021-03-03 10:52:34,011 [DEBUG] [restartedMain] com.example.helloworld.HelloWorldApplication [StartupInfoLogger.java : 56] Running with Spring Boot v2.2.0.RELEASE, Spring v5.2.0.RELEASE
2021-03-03 10:52:34,012 [INFO] [restartedMain] com.example.helloworld.HelloWorldApplication [SpringApplication.java : 651] No active profile set, falling back to default profiles: default
2021-03-03 10:52:35,511 [INFO] [restartedMain] com.example.helloworld.filter.impl1.MyFilter2 [MyFilter2.java : 22] MyFilter2 init...
2021-03-03 10:52:35,511 [INFO] [restartedMain] com.example.helloworld.filter.impl1.MyFilter1 [MyFilter1.java : 22] MyFilter1 init...
2021-03-03 10:52:35,512 [INFO] [restartedMain] com.example.helloworld.filter.impl2.MyFilterWithAnnotation [MyFilterWithAnnotation.java : 28] MyFilterWithAnnotation init...
2021-03-03 10:52:37,607 [INFO] [restartedMain] com.example.helloworld.HelloWorldApplication [StartupInfoLogger.java : 61] Started HelloWorldApplication in 4.156 seconds (JVM running for 4.762)
2021-03-03 10:53:55,467 [INFO] [restartedMain] com.example.helloworld.HelloWorldApplication [StartupInfoLogger.java : 55] Starting HelloWorldApplication on MZKJ-PC-02196 with PID 27876 (E:\code\github\springboot-guide\code\hello-world\target\classes started by haiyang1 in E:\code\github\springboot-guide\code)
2021-03-03 10:53:55,470 [DEBUG] [restartedMain] com.example.helloworld.HelloWorldApplication [StartupInfoLogger.java : 56] Running with Spring Boot v2.2.0.RELEASE, Spring v5.2.0.RELEASE
2021-03-03 10:53:55,470 [INFO] [restartedMain] com.example.helloworld.HelloWorldApplication [SpringApplication.java : 651] No active profile set, falling back to default profiles: default
2021-03-03 10:53:56,974 [INFO] [restartedMain] com.example.helloworld.filter.impl1.MyFilter2 [MyFilter2.java : 22] MyFilter2 init...
2021-03-03 10:53:56,975 [INFO] [restartedMain] com.example.helloworld.filter.impl1.MyFilter1 [MyFilter1.java : 22] MyFilter1 init...
2021-03-03 10:53:56,975 [INFO] [restartedMain] com.example.helloworld.filter.impl2.MyFilterWithAnnotation [MyFilterWithAnnotation.java : 28] MyFilterWithAnnotation init...
2021-03-03 10:53:59,106 [INFO] [restartedMain] com.example.helloworld.HelloWorldApplication [StartupInfoLogger.java : 61] Started HelloWorldApplication in 4.207 seconds (JVM running for 4.787)
2021-03-03 10:54:35,350 [INFO] [restartedMain] com.example.helloworld.HelloWorldApplication [StartupInfoLogger.java : 55] Starting HelloWorldApplication on MZKJ-PC-02196 with PID 27272 (E:\code\github\springboot-guide\code\hello-world\target\classes started by haiyang1 in E:\code\github\springboot-guide\code)
2021-03-03 10:54:35,353 [DEBUG] [restartedMain] com.example.helloworld.HelloWorldApplication [StartupInfoLogger.java : 56] Running with Spring Boot v2.2.0.RELEASE, Spring v5.2.0.RELEASE
2021-03-03 10:54:35,354 [INFO] [restartedMain] com.example.helloworld.HelloWorldApplication [SpringApplication.java : 651] No active profile set, falling back to default profiles: default
2021-03-03 10:54:36,862 [INFO] [restartedMain] com.example.helloworld.filter.impl1.MyFilter2 [MyFilter2.java : 22] MyFilter2 init...
2021-03-03 10:54:36,863 [INFO] [restartedMain] com.example.helloworld.filter.impl1.MyFilter1 [MyFilter1.java : 22] MyFilter1 init...
2021-03-03 10:54:36,863 [INFO] [restartedMain] com.example.helloworld.filter.impl2.MyFilterWithAnnotation [MyFilterWithAnnotation.java : 28] MyFilterWithAnnotation init...
2021-03-03 10:54:39,096 [INFO] [restartedMain] com.example.helloworld.HelloWorldApplication [StartupInfoLogger.java : 61] Started HelloWorldApplication in 4.419 seconds (JVM running for 4.986)
2021-03-03 10:54:42,082 [INFO] [oKong-1] com.example.helloworld.sch.AsyncTasks [AsyncTasks.java : 30]  : The time is now 10:54:42
2021-03-03 10:54:44,081 [INFO] [oKong-2] com.example.helloworld.sch.AsyncTasks [AsyncTasks.java : 30]  : The time is now 10:54:44
2021-03-03 10:54:46,082 [INFO] [oKong-3] com.example.helloworld.sch.AsyncTasks [AsyncTasks.java : 30]  : The time is now 10:54:46
2021-03-03 10:54:48,083 [INFO] [oKong-4] com.example.helloworld.sch.AsyncTasks [AsyncTasks.java : 30]  : The time is now 10:54:48
2021-03-03 10:54:50,084 [INFO] [oKong-5] com.example.helloworld.sch.AsyncTasks [AsyncTasks.java : 30]  : The time is now 10:54:50
